app/build/outputs/logs/manifest-merger-debug-report.txt
-- Merging decision tree log ---
manifest
ADDED from src/main/AndroidManifest.xml:11:1-171:12
	xmlns:tools
		ADDED from src/main/AndroidManifest.xml:12:5-51
	xmlns:android
		ADDED from src/main/AndroidManifest.xml:11:11-69
	package
		ADDED from src/main/AndroidManifest.xml:13:5-39
		INJECTED from src/main/AndroidManifest.xml
		INJECTED from src/main/AndroidManifest.xml
	android:versionName
		ADDED from src/main/AndroidManifest.xml:15:5-32
	android:versionCode
		ADDED from src/main/AndroidManifest.xml:14:5-31
		INJECTED from src/main/AndroidManifest.xml
		INJECTED from src/main/AndroidManifest.xml
uses-permission#android.permission.READ_PHONE_STATE
ADDED from src/main/AndroidManifest.xml:16:5-75
	android:name
		ADDED from src/main/AndroidManifest.xml:16:22-72
uses-permission#android.permission.ACCESS_WIFI_STATE
ADDED from src/main/AndroidManifest.xml:17:5-76
	android:name
		ADDED from src/main/AndroidManifest.xml:17:22-73
uses-permission#android.permission.INTERNET
ADDED from src/main/AndroidManifest.xml:18:5-67
	android:name
		ADDED from src/main/AndroidManifest.xml:18:22-64
uses-permission#android.permission.ACCESS_FINE_LOCATION
ADDED from src/main/AndroidManifest.xml:19:5-79
	android:name
		ADDED from src/main/AndroidManifest.xml:19:22-76
uses-permission#android.permission.WRITE_EXTERNAL_STORAGE
ADDED from src/main/AndroidManifest.xml:20:5-81
	android:name
		ADDED from src/main/AndroidManifest.xml:20:22-78
uses-permission#android.permission.GET_ACCOUNTS
ADDED from src/main/AndroidManifest.xml:21:5-71
	android:name
		ADDED from src/main/AndroidManifest.xml:21:22-68
uses-permission#android.permission.USE_CREDENTIALS
ADDED from src/main/AndroidManifest.xml:22:5-74
	android:name
		ADDED from src/main/AndroidManifest.xml:22:22-71
uses-permission#android.permission.ACCESS_NETWORK_STATE
ADDED from src/main/AndroidManifest.xml:23:5-79
	android:name
		ADDED from src/main/AndroidManifest.xml:23:22-76
uses-sdk
ADDED from src/main/AndroidManifest.xml:25:5-27:16
	android:targetSdkVersion
		ADDED from src/main/AndroidManifest.xml:26:9-38
		INJECTED from src/main/AndroidManifest.xml
		INJECTED from src/main/AndroidManifest.xml
	android:minSdkVersion
		ADDED from src/main/AndroidManifest.xml:25:15-41
		INJECTED from src/main/AndroidManifest.xml
		INJECTED from src/main/AndroidManifest.xml
supports-screens
ADDED from src/main/AndroidManifest.xml:29:5-34:39
	android:resizeable
		ADDED from src/main/AndroidManifest.xml:33:9-34
	android:largeScreens
		ADDED from src/main/AndroidManifest.xml:31:9-36
	android:anyDensity
		ADDED from src/main/AndroidManifest.xml:30:9-34
	android:normalScreens
		ADDED from src/main/AndroidManifest.xml:32:9-37
	android:smallScreens
		ADDED from src/main/AndroidManifest.xml:34:9-36
application
ADDED from src/main/AndroidManifest.xml:36:5-169:19
	android:label
		ADDED from src/main/AndroidManifest.xml:40:9-41
	android:icon
		ADDED from src/main/AndroidManifest.xml:39:9-39
	android:theme
		ADDED from src/main/AndroidManifest.xml:41:9-39
	tools:replace
		ADDED from src/main/AndroidManifest.xml:37:9-42
	android:name
		ADDED from src/main/AndroidManifest.xml:38:9-68
provider#org.koboc.collect.mpower.provider.FormsProvider
ADDED from src/main/AndroidManifest.xml:42:9-44:84
	android:authorities
		ADDED from src/main/AndroidManifest.xml:44:13-81
	android:name
		ADDED from src/main/AndroidManifest.xml:43:13-75
provider#org.koboc.collect.mpower.provider.InstanceProvider
ADDED from src/main/AndroidManifest.xml:45:9-47:88
	android:authorities
		ADDED from src/main/AndroidManifest.xml:47:13-85
	android:name
		ADDED from src/main/AndroidManifest.xml:46:13-78
activity#org.koboc.collect.mpower.activities.MainMenuActivity
ADDED from src/main/AndroidManifest.xml:49:9-53:20
	android:label
		ADDED from src/main/AndroidManifest.xml:52:13-45
	android:configChanges
		ADDED from src/main/AndroidManifest.xml:51:13-48
	android:name
		ADDED from src/main/AndroidManifest.xml:50:13-80
activity#org.koboc.collect.mpower.activities.FormEntryActivity
ADDED from src/main/AndroidManifest.xml:54:9-68:20
	android:windowSoftInputMode
		ADDED from src/main/AndroidManifest.xml:58:13-55
	android:label
		ADDED from src/main/AndroidManifest.xml:57:13-45
	android:configChanges
		ADDED from src/main/AndroidManifest.xml:56:13-48
	android:name
		ADDED from src/main/AndroidManifest.xml:55:13-81
intent-filter#android.intent.action.EDIT+android.intent.action.VIEW+android.intent.category.DEFAULT
ADDED from src/main/AndroidManifest.xml:59:13-67:29
action#android.intent.action.VIEW
ADDED from src/main/AndroidManifest.xml:60:17-69
	android:name
		ADDED from src/main/AndroidManifest.xml:60:25-66
action#android.intent.action.EDIT
ADDED from src/main/AndroidManifest.xml:61:17-69
	android:name
		ADDED from src/main/AndroidManifest.xml:61:25-66
category#android.intent.category.DEFAULT
ADDED from src/main/AndroidManifest.xml:63:17-76
	android:name
		ADDED from src/main/AndroidManifest.xml:63:27-73
data
ADDED from src/main/AndroidManifest.xml:65:17-83
	android:mimeType
		ADDED from src/main/AndroidManifest.xml:65:23-80
activity#org.koboc.collect.mpower.activities.AccountList
ADDED from src/main/AndroidManifest.xml:69:9-71:48
	android:label
		ADDED from src/main/AndroidManifest.xml:71:13-45
	android:name
		ADDED from src/main/AndroidManifest.xml:70:13-75
activity#org.koboc.collect.mpower.activities.AccountInfo
ADDED from src/main/AndroidManifest.xml:72:9-74:48
	android:label
		ADDED from src/main/AndroidManifest.xml:74:13-45
	android:name
		ADDED from src/main/AndroidManifest.xml:73:13-75
activity#org.koboc.collect.mpower.activities.DrawActivity
ADDED from src/main/AndroidManifest.xml:75:9-77:48
	android:label
		ADDED from src/main/AndroidManifest.xml:77:13-45
	android:name
		ADDED from src/main/AndroidManifest.xml:76:13-76
activity#org.koboc.collect.mpower.activities.InstanceChooserList
ADDED from src/main/AndroidManifest.xml:78:9-80:48
	android:label
		ADDED from src/main/AndroidManifest.xml:80:13-45
	android:name
		ADDED from src/main/AndroidManifest.xml:79:13-83
activity#org.koboc.collect.mpower.activities.InstanceChooserTabs
ADDED from src/main/AndroidManifest.xml:91:9-93:48
	android:label
		ADDED from src/main/AndroidManifest.xml:93:13-45
	android:name
		ADDED from src/main/AndroidManifest.xml:92:13-83
activity#org.koboc.collect.mpower.activities.FormChooserList
ADDED from src/main/AndroidManifest.xml:94:9-106:20
	android:label
		ADDED from src/main/AndroidManifest.xml:96:13-45
	android:name
		ADDED from src/main/AndroidManifest.xml:95:13-79
intent-filter#android.intent.action.EDIT+android.intent.action.PICK+android.intent.action.VIEW+android.intent.category.DEFAULT
ADDED from src/main/AndroidManifest.xml:97:13-105:29
action#android.intent.action.PICK
ADDED from src/main/AndroidManifest.xml:100:17-69
	android:name
		ADDED from src/main/AndroidManifest.xml:100:25-66
activity#org.koboc.collect.mpower.activities.FormManagerList
ADDED from src/main/AndroidManifest.xml:107:9-109:48
	android:label
		ADDED from src/main/AndroidManifest.xml:109:13-45
	android:name
		ADDED from src/main/AndroidManifest.xml:108:13-79
activity#org.koboc.collect.mpower.activities.FormDownloadList
ADDED from src/main/AndroidManifest.xml:110:9-112:48
	android:label
		ADDED from src/main/AndroidManifest.xml:112:13-45
	android:name
		ADDED from src/main/AndroidManifest.xml:111:13-80
activity#org.koboc.collect.mpower.activities.DataManagerList
ADDED from src/main/AndroidManifest.xml:113:9-115:48
	android:label
		ADDED from src/main/AndroidManifest.xml:115:13-45
	android:name
		ADDED from src/main/AndroidManifest.xml:114:13-79
activity#org.koboc.collect.mpower.activities.FileManagerTabs
ADDED from src/main/AndroidManifest.xml:116:9-118:48
	android:label
		ADDED from src/main/AndroidManifest.xml:118:13-45
	android:name
		ADDED from src/main/AndroidManifest.xml:117:13-79
activity#org.koboc.collect.mpower.activities.InstanceUploaderList
ADDED from src/main/AndroidManifest.xml:119:9-121:48
	android:label
		ADDED from src/main/AndroidManifest.xml:121:13-45
	android:name
		ADDED from src/main/AndroidManifest.xml:120:13-84
activity#org.koboc.collect.mpower.activities.InstanceUploaderActivity
ADDED from src/main/AndroidManifest.xml:122:9-124:48
	android:label
		ADDED from src/main/AndroidManifest.xml:124:13-45
	android:name
		ADDED from src/main/AndroidManifest.xml:123:13-88
activity#org.koboc.collect.mpower.preferences.PreferencesActivity
ADDED from src/main/AndroidManifest.xml:125:9-127:48
	android:label
		ADDED from src/main/AndroidManifest.xml:127:13-45
	android:name
		ADDED from src/main/AndroidManifest.xml:126:13-84
activity#org.koboc.collect.mpower.preferences.AdminPreferencesActivity
ADDED from src/main/AndroidManifest.xml:128:9-130:48
	android:label
		ADDED from src/main/AndroidManifest.xml:130:13-45
	android:name
		ADDED from src/main/AndroidManifest.xml:129:13-89
activity#org.koboc.collect.mpower.activities.FormHierarchyActivity
ADDED from src/main/AndroidManifest.xml:131:9-133:48
	android:label
		ADDED from src/main/AndroidManifest.xml:133:13-45
	android:name
		ADDED from src/main/AndroidManifest.xml:132:13-85
activity#org.koboc.collect.mpower.activities.GeoPointActivity
ADDED from src/main/AndroidManifest.xml:134:9-136:48
	android:label
		ADDED from src/main/AndroidManifest.xml:136:13-45
	android:name
		ADDED from src/main/AndroidManifest.xml:135:13-80
activity#org.koboc.collect.mpower.activities.GeoPointMapActivity
ADDED from src/main/AndroidManifest.xml:137:9-139:48
	android:label
		ADDED from src/main/AndroidManifest.xml:139:13-45
	android:name
		ADDED from src/main/AndroidManifest.xml:138:13-83
activity#org.koboc.collect.mpower.activities.LoginActivity
ADDED from src/main/AndroidManifest.xml:140:9-142:48
	android:label
		ADDED from src/main/AndroidManifest.xml:142:13-45
	android:theme
		ADDED from src/main/AndroidManifest.xml:141:13-53
	android:name
		ADDED from src/main/AndroidManifest.xml:140:19-83
activity#org.koboc.collect.mpower.activities.SplashScreenActivity
ADDED from src/main/AndroidManifest.xml:143:9-153:20
	android:label
		ADDED from src/main/AndroidManifest.xml:145:13-45
	android:theme
		ADDED from src/main/AndroidManifest.xml:146:13-56
	android:name
		ADDED from src/main/AndroidManifest.xml:144:13-84
intent-filter#android.intent.action.MAIN+android.intent.category.DEFAULT+android.intent.category.LAUNCHER
ADDED from src/main/AndroidManifest.xml:147:13-152:29
action#android.intent.action.MAIN
ADDED from src/main/AndroidManifest.xml:148:17-69
	android:name
		ADDED from src/main/AndroidManifest.xml:148:25-66
category#android.intent.category.LAUNCHER
ADDED from src/main/AndroidManifest.xml:151:17-77
	android:name
		ADDED from src/main/AndroidManifest.xml:151:27-74
activity#org.koboc.collect.mpower.activities.AndroidShortcuts
ADDED from src/main/AndroidManifest.xml:155:9-164:20
	android:label
		ADDED from src/main/AndroidManifest.xml:157:13-37
	android:theme
		ADDED from src/main/AndroidManifest.xml:158:13-72
	android:name
		ADDED from src/main/AndroidManifest.xml:156:13-80
intent-filter#android.intent.action.CREATE_SHORTCUT+android.intent.category.DEFAULT
ADDED from src/main/AndroidManifest.xml:159:13-163:29
action#android.intent.action.CREATE_SHORTCUT
ADDED from src/main/AndroidManifest.xml:160:17-80
	android:name
		ADDED from src/main/AndroidManifest.xml:160:25-77
uses-library#com.google.android.maps
ADDED from src/main/AndroidManifest.xml:166:9-168:40
	android:required
		ADDED from src/main/AndroidManifest.xml:168:13-37
	android:name
		ADDED from src/main/AndroidManifest.xml:167:13-51